[0503/224942.136:ERROR:process_reader_win.cc(123)] NtOpenThread: {Access Denied} A process has requested access to an object, but has not been granted those access rights. (0xc0000022)
[0503/224942.140:ERROR:process_reader_win.cc(123)] NtOpenThread: {Access Denied} A process has requested access to an object, but has not been granted those access rights. (0xc0000022)
[0503/224942.202:ERROR:exception_snapshot_win.cc(98)] thread ID 37688 not found in process
[0503/224942.202:ERROR:exception_snapshot_win.cc(98)] thread ID 27564 not found in process
[0506/214855.043:ERROR:process_reader_win.cc(123)] NtOpenThread: {Access Denied} A process has requested access to an object, but has not been granted those access rights. (0xc0000022)
[0506/214855.043:ERROR:process_reader_win.cc(123)] NtOpenThread: {Access Denied} A process has requested access to an object, but has not been granted those access rights. (0xc0000022)
[0506/214855.283:ERROR:exception_snapshot_win.cc(98)] thread ID 47716 not found in process
[0506/214855.283:ERROR:exception_snapshot_win.cc(98)] thread ID 45008 not found in process
[0626/042908.997:ERROR:process_reader_win.cc(123)] NtOpenThread: {Access Denied} A process has requested access to an object, but has not been granted those access rights. (0xc0000022)
[0626/042908.997:ERROR:process_reader_win.cc(123)] NtOpenThread: {Access Denied} A process has requested access to an object, but has not been granted those access rights. (0xc0000022)
[0626/042908.997:ERROR:process_reader_win.cc(123)] NtOpenThread: {Access Denied} A process has requested access to an object, but has not been granted those access rights. (0xc0000022)
[0626/042908.997:ERROR:process_reader_win.cc(123)] NtOpenThread: {Access Denied} A process has requested access to an object, but has not been granted those access rights. (0xc0000022)
[0626/042909.201:ERROR:exception_snapshot_win.cc(98)] thread ID 23268 not found in process
[0626/042909.201:ERROR:exception_snapshot_win.cc(98)] thread ID 27384 not found in process
[0626/042909.201:ERROR:exception_snapshot_win.cc(98)] thread ID 17196 not found in process
[0626/042909.201:ERROR:exception_snapshot_win.cc(98)] thread ID 1204 not found in process
[1118/101500.962:ERROR:directory_reader_win.cc(43)] FindFirstFile: The system cannot find the path specified. (0x3)
[0112/095519.522:ERROR:directory_reader_win.cc(43)] FindFirstFile: The system cannot find the path specified. (0x3)
[0113/044753.925:ERROR:process_reader_win.cc(151)] SuspendThread: Access is denied. (0x5)
[0113/044754.012:ERROR:process_reader_win.cc(151)] SuspendThread: Access is denied. (0x5)
[0113/044753.925:ERROR:process_reader_win.cc(151)] SuspendThread: Access is denied. (0x5)
[0113/044753.929:ERROR:process_reader_win.cc(151)] SuspendThread: Access is denied. (0x5)
[0113/044753.925:ERROR:process_reader_win.cc(151)] SuspendThread: Access is denied. (0x5)
[0113/044754.350:ERROR:process_reader_win.cc(151)] SuspendThread: Access is denied. (0x5)
[0113/044753.925:ERROR:process_reader_win.cc(151)] SuspendThread: Access is denied. (0x5)
[0113/044754.350:ERROR:process_reader_win.cc(151)] SuspendThread: Access is denied. (0x5)
[0113/044754.350:ERROR:process_reader_win.cc(151)] SuspendThread: Access is denied. (0x5)
[0113/044754.350:ERROR:process_reader_win.cc(151)] SuspendThread: Access is denied. (0x5)
[0113/044754.350:ERROR:process_reader_win.cc(151)] SuspendThread: Access is denied. (0x5)
[0113/044754.350:ERROR:process_reader_win.cc(151)] SuspendThread: Access is denied. (0x5)
[0113/044754.350:ERROR:process_reader_win.cc(151)] SuspendThread: Access is denied. (0x5)
[0113/044754.350:ERROR:process_reader_win.cc(151)] SuspendThread: Access is denied. (0x5)
[0113/044754.350:ERROR:process_reader_win.cc(151)] SuspendThread: Access is denied. (0x5)
[0113/044754.350:ERROR:process_reader_win.cc(151)] SuspendThread: Access is denied. (0x5)
[0113/044754.350:ERROR:process_reader_win.cc(151)] SuspendThread: Access is denied. (0x5)
[0113/044754.350:ERROR:exception_snapshot_win.cc(99)] thread ID 22220 not found in process
[0113/044754.350:ERROR:process_reader_win.cc(151)] SuspendThread: Access is denied. (0x5)
[0113/044754.350:ERROR:process_reader_win.cc(151)] SuspendThread: Access is denied. (0x5)
[0113/044754.351:ERROR:process_reader_win.cc(151)] SuspendThread: Access is denied. (0x5)
[0113/044754.351:ERROR:process_reader_win.cc(151)] SuspendThread: Access is denied. (0x5)
[0113/044754.195:ERROR:process_reader_win.cc(123)] NtOpenThread: {Access Denied} A process has requested access to an object, but has not been granted those access rights. (0xc0000022)
[0113/044754.379:ERROR:exception_snapshot_win.cc(99)] thread ID 14696 not found in process
[0113/044754.014:ERROR:process_reader_win.cc(123)] NtOpenThread: {Access Denied} A process has requested access to an object, but has not been granted those access rights. (0xc0000022)
[0113/044754.351:ERROR:process_reader_win.cc(123)] NtOpenThread: {Access Denied} A process has requested access to an object, but has not been granted those access rights. (0xc0000022)
[0113/044754.379:ERROR:exception_snapshot_win.cc(99)] thread ID 14552 not found in process
[0113/044754.379:ERROR:exception_snapshot_win.cc(99)] thread ID 20452 not found in process
[0113/044754.350:ERROR:process_reader_win.cc(123)] NtOpenThread: An invalid Client ID was specified. (0xc000000b)
[0113/044754.022:ERROR:process_reader_win.cc(123)] NtOpenThread: {Access Denied} A process has requested access to an object, but has not been granted those access rights. (0xc0000022)
[0113/044754.380:ERROR:exception_snapshot_win.cc(99)] thread ID 23368 not found in process
[0113/044753.928:ERROR:process_reader_win.cc(123)] NtOpenThread: {Access Denied} A process has requested access to an object, but has not been granted those access rights. (0xc0000022)
[0113/044754.380:ERROR:exception_snapshot_win.cc(99)] thread ID 19848 not found in process
[0113/044754.380:ERROR:exception_snapshot_win.cc(99)] thread ID 7152 not found in process
[0113/044754.350:ERROR:process_reader_win.cc(123)] NtOpenThread: An invalid Client ID was specified. (0xc000000b)
[0113/044754.350:ERROR:process_reader_win.cc(123)] NtOpenThread: An invalid Client ID was specified. (0xc000000b)
[0113/044754.380:ERROR:exception_snapshot_win.cc(99)] thread ID 13484 not found in process
[0113/044754.380:ERROR:process_reader_win.cc(151)] SuspendThread: Access is denied. (0x5)
[0113/044754.380:ERROR:exception_snapshot_win.cc(99)] thread ID 19652 not found in process
[0113/044754.350:ERROR:process_reader_win.cc(123)] NtOpenThread: {Access Denied} A process has requested access to an object, but has not been granted those access rights. (0xc0000022)
[0113/044754.380:ERROR:exception_snapshot_win.cc(99)] thread ID 1688 not found in process
[0113/044754.012:ERROR:process_reader_win.cc(123)] NtOpenThread: {Access Denied} A process has requested access to an object, but has not been granted those access rights. (0xc0000022)
[0113/044754.380:ERROR:scoped_process_suspend.cc(40)] NtResumeProcess: An attempt was made to access an exiting process. (0xc000010a)
[0113/044754.403:ERROR:exception_snapshot_win.cc(99)] thread ID 5740 not found in process
